#
# There is insufficient memory for the Java Runtime Environment to continue.
# Native memory allocation (mmap) failed to map 134217728 bytes for Failed to commit area from 0x0000000081400000 to 0x0000000089400000 of length 134217728.
# Possible reasons:
#   The system is out of physical RAM or swap space
#   The process is running with CompressedOops enabled, and the Java Heap may be blocking the growth of the native heap
# Possible solutions:
#   Reduce memory load on the system
#   Increase physical memory or swap space
#   Check if swap backing store is full
#   Decrease Java heap size (-Xmx/-Xms)
#   Decrease number of Java threads
#   Decrease Java thread stack sizes (-Xss)
#   Set larger code cache with -XX:ReservedCodeCacheSize=
# This output file may be truncated or incomplete.
#
#  Out of Memory Error (./src/hotspot/os/windows/os_windows.cpp:3303), pid=18840, tid=15728
#
# JRE version:  (11.0.9+11) (build )
# Java VM: OpenJDK 64-Bit Server VM (11.0.9+11-b1145.21, mixed mode, sharing, tiered, compressed oops, g1 gc, windows-amd64)
# No core dump will be written. Minidumps are not enabled by default on client versions of Windows
#

---------------  S U M M A R Y ------------

Command Line: org.jetbrains.git4idea.http.GitAskPassApp Username for 'https://github.com': 

Host: Intel(R) Core(TM) i3-6100U CPU @ 2.30GHz, 4 cores, 7G,  Windows 10 , 64 bit Build 19041 (10.0.19041.662)
Time: Mon Dec 21 22:48:43 2020 대한민국 표준시 elapsed time: 0.032377 seconds (0d 0h 0m 0s)

---------------  T H R E A D  ---------------

Current thread (0x0000019b91178000):  JavaThread "Unknown thread" [_thread_in_vm, id=15728, stack(0x0000002947200000,0x0000002947300000)]

Stack: [0x0000002947200000,0x0000002947300000]
Native frames: (J=compiled Java code, j=interpreted, Vv=VM code, C=native code)
V  [jvm.dll+0x5ed3ca]
V  [jvm.dll+0x722725]
V  [jvm.dll+0x723c7d]
V  [jvm.dll+0x724333]
V  [jvm.dll+0x242bd8]
V  [jvm.dll+0x5ea884]
V  [jvm.dll+0x5df995]
V  [jvm.dll+0x2fe13b]
V  [jvm.dll+0x2fe0aa]
V  [jvm.dll+0x2fdf82]
V  [jvm.dll+0x302e56]
V  [jvm.dll+0x34b583]
V  [jvm.dll+0x34bc86]
V  [jvm.dll+0x34b683]
V  [jvm.dll+0x2d8df8]
V  [jvm.dll+0x2d9f97]
V  [jvm.dll+0x701517]
V  [jvm.dll+0x702d0c]
V  [jvm.dll+0x358b39]
V  [jvm.dll+0x6e4f9e]
V  [jvm.dll+0x3c0db3]
V  [jvm.dll+0x3c2f61]
C  [jli.dll+0x5373]
C  [ucrtbase.dll+0x214c2]
C  [KERNEL32.DLL+0x17034]
C  [ntdll.dll+0x4d0d1]


---------------  P R O C E S S  ---------------

Threads class SMR info:
_java_thread_list=0x0000019b8f0d8c30, length=0, elements={
}

Java Threads: ( => current thread )

Other Threads:
  0x0000019b9118f800 GCTaskThread "GC Thread#0" [stack: 0x0000002947300000,0x0000002947400000] [id=13768]
  0x0000019b911c0000 ConcurrentGCThread "G1 Main Marker" [stack: 0x0000002947400000,0x0000002947500000] [id=5284]
  0x0000019b911c1800 ConcurrentGCThread "G1 Conc#0" [stack: 0x0000002947500000,0x0000002947600000] [id=2448]

[error occurred during error reporting (printing all threads), id 0xc0000005, EXCEPTION_ACCESS_VIOLATION (0xc0000005) at pc=0x00007fffa7029397]

VM state:not at safepoint (not fully initialized)

VM Mutex/Monitor currently owned by a thread:  ([mutex/lock_event])
[0x0000019b91175040] Heap_lock - owner thread: 0x0000019b91178000

Heap address: 0x0000000081400000, size: 2028 MB, Compressed Oops mode: Non-zero based: 0x0000000081400000
Narrow klass base: 0x0000000000000000, Narrow klass shift: 0

GC Heap History (0 events):
No events

Deoptimization events (0 events):
No events

Classes redefined (0 events):
No events

Internal exceptions (0 events):
No events

Events (1 events):
Event: 0.022 Loaded shared library C:\Program Files\JetBrains\IntelliJ IDEA Community Edition 2020.2.3\jbr\bin\zip.dll


Dynamic libraries:
0x00007ff7ac560000 - 0x00007ff7ac56a000 	C:\Program Files\JetBrains\IntelliJ IDEA Community Edition 2020.2.3\jbr\bin\java.exe
0x00007fffda530000 - 0x00007fffda726000 	C:\WINDOWS\SYSTEM32\ntdll.dll
0x00007fffd87f0000 - 0x00007fffd88ad000 	C:\WINDOWS\System32\KERNEL32.DLL
0x00007fffd7f50000 - 0x00007fffd8219000 	C:\WINDOWS\System32\KERNELBASE.dll
0x00007fffd49e0000 - 0x00007fffd4a70000 	C:\WINDOWS\SYSTEM32\apphelp.dll
0x00007fffd8220000 - 0x00007fffd8320000 	C:\WINDOWS\System32\ucrtbase.dll
0x00007fffcdd20000 - 0x00007fffcdd37000 	C:\Program Files\JetBrains\IntelliJ IDEA Community Edition 2020.2.3\jbr\bin\VCRUNTIME140.dll
0x00007fffcdfc0000 - 0x00007fffcdfd9000 	C:\Program Files\JetBrains\IntelliJ IDEA Community Edition 2020.2.3\jbr\bin\jli.dll
0x00007fffd8e20000 - 0x00007fffd8fc0000 	C:\WINDOWS\System32\USER32.dll
0x00007fffd8320000 - 0x00007fffd8342000 	C:\WINDOWS\System32\win32u.dll
0x00007fffd9720000 - 0x00007fffd974a000 	C:\WINDOWS\System32\GDI32.dll
0x00007fffd7c70000 - 0x00007fffd7d79000 	C:\WINDOWS\System32\gdi32full.dll
0x00007fffd7d80000 - 0x00007fffd7e1d000 	C:\WINDOWS\System32\msvcp_win.dll
0x00007fffc7700000 - 0x00007fffc799b000 	C:\WINDOWS\WinSxS\amd64_microsoft.windows.common-controls_6595b64144ccf1df_6.0.19041.488_none_ca04af081b815d21\COMCTL32.dll
0x00007fffd9750000 - 0x00007fffd97ee000 	C:\WINDOWS\System32\msvcrt.dll
0x00007fffd9b50000 - 0x00007fffd9b80000 	C:\WINDOWS\System32\IMM32.DLL
0x00007fffcdc80000 - 0x00007fffcdd1d000 	C:\Program Files\JetBrains\IntelliJ IDEA Community Edition 2020.2.3\jbr\bin\msvcp140.dll
0x00007fffa6d40000 - 0x00007fffa780e000 	C:\Program Files\JetBrains\IntelliJ IDEA Community Edition 2020.2.3\jbr\bin\server\jvm.dll
0x00007fffd9800000 - 0x00007fffd98ac000 	C:\WINDOWS\System32\ADVAPI32.dll
0x00007fffd8d80000 - 0x00007fffd8e1c000 	C:\WINDOWS\System32\sechost.dll
0x00007fffda040000 - 0x00007fffda16b000 	C:\WINDOWS\System32\RPCRT4.dll
0x00007fffd97f0000 - 0x00007fffd97f8000 	C:\WINDOWS\System32\PSAPI.DLL
0x00007fffd6430000 - 0x00007fffd6439000 	C:\WINDOWS\SYSTEM32\WSOCK32.dll
0x00007fffd0070000 - 0x00007fffd007a000 	C:\WINDOWS\SYSTEM32\VERSION.dll
0x00007fffd9ea0000 - 0x00007fffd9f0b000 	C:\WINDOWS\System32\WS2_32.dll
0x00007fffca890000 - 0x00007fffca8b7000 	C:\WINDOWS\SYSTEM32\WINMM.dll
0x00007fffd65a0000 - 0x00007fffd65b2000 	C:\WINDOWS\SYSTEM32\kernel.appcore.dll
0x00007fffd1e00000 - 0x00007fffd1e11000 	C:\Program Files\JetBrains\IntelliJ IDEA Community Edition 2020.2.3\jbr\bin\verify.dll
0x00007fffd6220000 - 0x00007fffd6404000 	C:\WINDOWS\SYSTEM32\DBGHELP.DLL
0x00007fffd09a0000 - 0x00007fffd09cc000 	C:\WINDOWS\SYSTEM32\dbgcore.DLL
0x00007fffd8510000 - 0x00007fffd8590000 	C:\WINDOWS\System32\bcryptPrimitives.dll
0x00007fffd0a00000 - 0x00007fffd0a29000 	C:\Program Files\JetBrains\IntelliJ IDEA Community Edition 2020.2.3\jbr\bin\java.dll
0x00007fffd1df0000 - 0x00007fffd1dfb000 	C:\Program Files\JetBrains\IntelliJ IDEA Community Edition 2020.2.3\jbr\bin\jimage.dll
0x00007fffd1c80000 - 0x00007fffd1c98000 	C:\Program Files\JetBrains\IntelliJ IDEA Community Edition 2020.2.3\jbr\bin\zip.dll

dbghelp: loaded successfully - version: 4.0.5 - missing functions: none
symbol engine: initialized successfully - sym options: 0x614 - pdb path: .;C:\Program Files\JetBrains\IntelliJ IDEA Community Edition 2020.2.3\jbr\bin;C:\WINDOWS\SYSTEM32;C:\WINDOWS\WinSxS\amd64_microsoft.windows.common-controls_6595b64144ccf1df_6.0.19041.488_none_ca04af081b815d21;C:\Program Files\JetBrains\IntelliJ IDEA Community Edition 2020.2.3\jbr\bin\server

VM Arguments:
java_command: org.jetbrains.git4idea.http.GitAskPassApp Username for 'https://github.com': 
java_class_path (initial): C:/Program Files/JetBrains/IntelliJ IDEA Community Edition 2020.2.3/plugins/git4idea/lib/git4idea-rt.jar;C:/Program Files/JetBrains/IntelliJ IDEA Community Edition 2020.2.3/lib/xmlrpc-2.0.1.jar;C:/Program Files/JetBrains/IntelliJ IDEA Community Edition 2020.2.3/lib/commons-codec-1.14.jar
Launcher Type: SUN_STANDARD

[Global flags]
     intx CICompilerCount                          = 3                                         {product} {ergonomic}
     uint ConcGCThreads                            = 1                                         {product} {ergonomic}
     uint G1ConcRefinementThreads                  = 4                                         {product} {ergonomic}
   size_t G1HeapRegionSize                         = 1048576                                   {product} {ergonomic}
    uintx GCDrainStackTargetSize                   = 64                                        {product} {ergonomic}
   size_t InitialHeapSize                          = 134217728                                 {product} {ergonomic}
   size_t MarkStackSize                            = 4194304                                   {product} {ergonomic}
   size_t MaxHeapSize                              = 2126512128                                {product} {ergonomic}
   size_t MinHeapDeltaBytes                        = 1048576                                   {product} {ergonomic}
    uintx NonNMethodCodeHeapSize                   = 5830732                                {pd product} {ergonomic}
    uintx NonProfiledCodeHeapSize                  = 122913754                              {pd product} {ergonomic}
    uintx ProfiledCodeHeapSize                     = 122913754                              {pd product} {ergonomic}
    uintx ReservedCodeCacheSize                    = 251658240                              {pd product} {ergonomic}
     bool SegmentedCodeCache                       = true                                      {product} {ergonomic}
     bool UseCompressedClassPointers               = true                                 {lp64_product} {ergonomic}
     bool UseCompressedOops                        = true                                 {lp64_product} {ergonomic}
     bool UseG1GC                                  = true                                      {product} {ergonomic}
     bool UseLargePagesIndividualAllocation        = false                                  {pd product} {ergonomic}

Logging:
Log output configuration:
 #0: stdout all=warning uptime,level,tags
 #1: stderr all=off uptime,level,tags

Environment Variables:
PATH=C:/Program Files/Git/mingw64/libexec/git-core;C:/Program Files/Git/mingw64/libexec/git-core;C:\Program Files\Git\mingw64\bin;C:\Program Files\Git\usr\bin;C:\Users\typic\bin;C:\Program Files (x86)\Common Files\Oracle\Java\javapath;C:\Program Files (x86)\Intel\iCLS Client\;C:\Program Files\Intel\iCLS Client\;C:\WINDOWS\system32;C:\WINDOWS;C:\WINDOWS\System32\Wbem;C:\WINDOWS\System32\WindowsPowerShell\v1.0\;C:\Program Files\Intel\WiFi\bin\;C:\Program Files\Common Files\Intel\WirelessCommon\;C:\Program Files (x86)\Intel\Intel(R) Management Engine Components\DAL;C:\Program Files\Intel\Intel(R) Management Engine Components\DAL;C:\Program Files (x86)\Intel\Intel(R) Management Engine Components\IPT;C:\Program Files\Intel\Intel(R) Management Engine Components\IPT;C:\Program Files\Samsung\SamsungLink\AllShare Framework DMS\bin\;C:\WINDOWS\System32\OpenSSH\;C:\Program Files\nodejs\;C:\Program Files (x86)\GtkSharp\2.12\bin;C:\Program Files\Git\cmd;C:\Users\typic\AppData\Local\Microsoft\WindowsApps;C:\Program Files\Bandizip\;C:\Users\typic\AppData\Roaming\npm;C:\Users\typic\AppData\Local\Microsoft\WindowsApps;C:\Users\typic\AppData\Local\GitHubDesktop\bin
USERNAME=typic
DISPLAY=:0.0
LC_ALL=en_US.UTF-8
OS=Windows_NT
PROCESSOR_IDENTIFIER=Intel64 Family 6 Model 78 Stepping 3, GenuineIntel



---------------  S Y S T E M  ---------------

OS: Windows 10 , 64 bit Build 19041 (10.0.19041.662)
OS uptime: 9 days 19:11 hours

CPU:total 4 (initial active 4) (2 cores per cpu, 2 threads per core) family 6 model 78 stepping 3, cmov, cx8, fxsr, mmx, sse, sse2, sse3, ssse3, sse4.1, sse4.2, popcnt, avx, avx2, aes, clmul, erms, rtm, 3dnowpref, lzcnt, ht, tsc, tscinvbit, bmi1, bmi2, adx, fma

Memory: 4k page, system-wide physical 8109M (616M free)
TotalPageFile size 21429M (AvailPageFile size 49M)
current process WorkingSet (physical memory assigned to process): 10M, peak: 10M
current process commit charge ("private bytes"): 51M, peak: 179M

vm_info: OpenJDK 64-Bit Server VM (11.0.9+11-b1145.21) for windows-amd64 JRE (11.0.9+11-b1145.21), built on Nov 21 2020 14:37:09 by "" with MS VC++ 14.0 (VS2015)

END.
